# JRE version: OpenJDK Runtime Environment (8.0_242-b01) (build 1.8.0_242-release-1644-b01)
# Java VM: OpenJDK 64-Bit Server VM (25.242-b01 mixed mode windows-amd64 compressed oops)
Heap:
 PSYoungGen      total 490496K, used 133194K [0x00000000d5580000, 0x00000000f5e80000, 0x0000000100000000)
  eden space 451072K, 24% used [0x00000000d5580000,0x00000000dc2a1968,0x00000000f0e00000)
  from space 39424K, 54% used [0x00000000f3480000,0x00000000f4970fe8,0x00000000f5b00000)
  to   space 39424K, 0% used [0x00000000f0e00000,0x00000000f0e00000,0x00000000f3480000)
 ParOldGen       total 207872K, used 96948K [0x0000000080000000, 0x000000008cb00000, 0x00000000d5580000)
  object space 207872K, 46% used [0x0000000080000000,0x0000000085ead378,0x000000008cb00000)
 Metaspace       used 84364K, capacity 88134K, committed 91416K, reserved 1128448K
  class space    used 11290K, capacity 12050K, committed 12848K, reserved 1048576K
GC Heap History (10 events):
Event: 13.275 GC heap before
{Heap before GC invocations=20 (full 4):
 PSYoungGen      total 295936K, used 251392K [0x00000000d5580000, 0x00000000eee80000, 0x0000000100000000)
  eden space 251392K, 100% used [0x00000000d5580000,0x00000000e4b00000,0x00000000e4b00000)
  from space 44544K, 0% used [0x00000000e4b00000,0x00000000e4b00000,0x00000000e7680000)
  to   space 44032K, 0% used [0x00000000ec380000,0x00000000ec380000,0x00000000eee80000)
 ParOldGen       total 207872K, used 96916K [0x0000000080000000, 0x000000008cb00000, 0x00000000d5580000)
  object space 207872K, 46% used [0x0000000080000000,0x0000000085ea5378,0x000000008cb00000)
 Metaspace       used 80027K, capacity 83608K, committed 86936K, reserved 1124352K
  class space    used 10768K, capacity 11469K, committed 12208K, reserved 1048576K
Event: 13.286 GC heap after
Heap after GC invocations=20 (full 4):
 PSYoungGen      total 357376K, used 4160K [0x00000000d5580000, 0x00000000ee580000, 0x0000000100000000)
  eden space 322560K, 0% used [0x00000000d5580000,0x00000000d5580000,0x00000000e9080000)
  from space 34816K, 11% used [0x00000000ec380000,0x00000000ec7900b0,0x00000000ee580000)
  to   space 43520K, 0% used [0x00000000e9080000,0x00000000e9080000,0x00000000ebb00000)
 ParOldGen       total 207872K, used 96916K [0x0000000080000000, 0x000000008cb00000, 0x00000000d5580000)
  object space 207872K, 46% used [0x0000000080000000,0x0000000085ea5378,0x000000008cb00000)
 Metaspace       used 80027K, capacity 83608K, committed 86936K, reserved 1124352K
  class space    used 10768K, capacity 11469K, committed 12208K, reserved 1048576K
}
Event: 13.918 GC heap before
{Heap before GC invocations=21 (full 4):
 PSYoungGen      total 357376K, used 326720K [0x00000000d5580000, 0x00000000ee580000, 0x0000000100000000)
  eden space 322560K, 100% used [0x00000000d5580000,0x00000000e9080000,0x00000000e9080000)
  from space 34816K, 11% used [0x00000000ec380000,0x00000000ec7900b0,0x00000000ee580000)
  to   space 43520K, 0% used [0x00000000e9080000,0x00000000e9080000,0x00000000ebb00000)
 ParOldGen       total 207872K, used 96916K [0x0000000080000000, 0x000000008cb00000, 0x00000000d5580000)
  object space 207872K, 46% used [0x0000000080000000,0x0000000085ea5378,0x000000008cb00000)
 Metaspace       used 80693K, capacity 84364K, committed 87832K, reserved 1124352K
  class space    used 10813K, capacity 11537K, committed 12336K, reserved 1048576K
Event: 13.929 GC heap after
Heap after GC invocations=21 (full 4):
 PSYoungGen      total 366080K, used 8315K [0x00000000d5580000, 0x00000000f1a80000, 0x0000000100000000)
  eden space 322560K, 0% used [0x00000000d5580000,0x00000000d5580000,0x00000000e9080000)
  from space 43520K, 19% used [0x00000000e9080000,0x00000000e989ef18,0x00000000ebb00000)
  to   space 41984K, 0% used [0x00000000ef180000,0x00000000ef180000,0x00000000f1a80000)
 ParOldGen       total 207872K, used 96924K [0x0000000080000000, 0x000000008cb00000, 0x00000000d5580000)
  object space 207872K, 46% used [0x0000000080000000,0x0000000085ea7378,0x000000008cb00000)
 Metaspace       used 80693K, capacity 84364K, committed 87832K, reserved 1124352K
  class space    used 10813K, capacity 11537K, committed 12336K, reserved 1048576K
}
Event: 14.390 GC heap before
{Heap before GC invocations=22 (full 4):
 PSYoungGen      total 366080K, used 330875K [0x00000000d5580000, 0x00000000f1a80000, 0x0000000100000000)
  eden space 322560K, 100% used [0x00000000d5580000,0x00000000e9080000,0x00000000e9080000)
  from space 43520K, 19% used [0x00000000e9080000,0x00000000e989ef18,0x00000000ebb00000)
  to   space 41984K, 0% used [0x00000000ef180000,0x00000000ef180000,0x00000000f1a80000)
 ParOldGen       total 207872K, used 96924K [0x0000000080000000, 0x000000008cb00000, 0x00000000d5580000)
  object space 207872K, 46% used [0x0000000080000000,0x0000000085ea7378,0x000000008cb00000)
 Metaspace       used 81873K, capacity 85580K, committed 88984K, reserved 1126400K
  class space    used 10960K, capacity 11703K, committed 12464K, reserved 1048576K
Event: 14.406 GC heap after
Heap after GC invocations=22 (full 4):
 PSYoungGen      total 420864K, used 11595K [0x00000000d5580000, 0x00000000f1800000, 0x0000000100000000)
  eden space 381440K, 0% used [0x00000000d5580000,0x00000000d5580000,0x00000000eca00000)
  from space 39424K, 29% used [0x00000000ef180000,0x00000000efcd2c60,0x00000000f1800000)
  to   space 39936K, 0% used [0x00000000eca00000,0x00000000eca00000,0x00000000ef100000)
 ParOldGen       total 207872K, used 96932K [0x0000000080000000, 0x000000008cb00000, 0x00000000d5580000)
  object space 207872K, 46% used [0x0000000080000000,0x0000000085ea9378,0x000000008cb00000)
 Metaspace       used 81873K, capacity 85580K, committed 88984K, reserved 1126400K
  class space    used 10960K, capacity 11703K, committed 12464K, reserved 1048576K
}
Event: 15.015 GC heap before
{Heap before GC invocations=23 (full 4):
 PSYoungGen      total 420864K, used 393035K [0x00000000d5580000, 0x00000000f1800000, 0x0000000100000000)
  eden space 381440K, 100% used [0x00000000d5580000,0x00000000eca00000,0x00000000eca00000)
  from space 39424K, 29% used [0x00000000ef180000,0x00000000efcd2c60,0x00000000f1800000)
  to   space 39936K, 0% used [0x00000000eca00000,0x00000000eca00000,0x00000000ef100000)
 ParOldGen       total 207872K, used 96932K [0x0000000080000000, 0x000000008cb00000, 0x00000000d5580000)
  object space 207872K, 46% used [0x0000000080000000,0x0000000085ea9378,0x000000008cb00000)
 Metaspace       used 83306K, capacity 87034K, committed 90136K, reserved 1126400K
  class space    used 11154K, capacity 11884K, committed 12592K, reserved 1048576K
Event: 15.033 GC heap after
Heap after GC invocations=23 (full 4):
 PSYoungGen      total 421376K, used 20191K [0x00000000d5580000, 0x00000000f5b00000, 0x0000000100000000)
  eden space 381440K, 0% used [0x00000000d5580000,0x00000000d5580000,0x00000000eca00000)
  from space 39936K, 50% used [0x00000000eca00000,0x00000000eddb7cf8,0x00000000ef100000)
  to   space 39424K, 0% used [0x00000000f3480000,0x00000000f3480000,0x00000000f5b00000)
 ParOldGen       total 207872K, used 96940K [0x0000000080000000, 0x000000008cb00000, 0x00000000d5580000)
  object space 207872K, 46% used [0x0000000080000000,0x0000000085eab378,0x000000008cb00000)
 Metaspace       used 83306K, capacity 87034K, committed 90136K, reserved 1126400K
  class space    used 11154K, capacity 11884K, committed 12592K, reserved 1048576K
}
Event: 15.646 GC heap before
{Heap before GC invocations=24 (full 4):
 PSYoungGen      total 421376K, used 401631K [0x00000000d5580000, 0x00000000f5b00000, 0x0000000100000000)
  eden space 381440K, 100% used [0x00000000d5580000,0x00000000eca00000,0x00000000eca00000)
  from space 39936K, 50% used [0x00000000eca00000,0x00000000eddb7cf8,0x00000000ef100000)
  to   space 39424K, 0% used [0x00000000f3480000,0x00000000f3480000,0x00000000f5b00000)
 ParOldGen       total 207872K, used 96940K [0x0000000080000000, 0x000000008cb00000, 0x00000000d5580000)
  object space 207872K, 46% used [0x0000000080000000,0x0000000085eab378,0x000000008cb00000)
 Metaspace       used 84362K, capacity 88134K, committed 91416K, reserved 1128448K
  class space    used 11290K, capacity 12050K, committed 12848K, reserved 1048576K
Event: 15.671 GC heap after
Heap after GC invocations=24 (full 4):
 PSYoungGen      total 490496K, used 21443K [0x00000000d5580000, 0x00000000f5e80000, 0x0000000100000000)
  eden space 451072K, 0% used [0x00000000d5580000,0x00000000d5580000,0x00000000f0e00000)
  from space 39424K, 54% used [0x00000000f3480000,0x00000000f4970fe8,0x00000000f5b00000)
  to   space 39424K, 0% used [0x00000000f0e00000,0x00000000f0e00000,0x00000000f3480000)
 ParOldGen       total 207872K, used 96948K [0x0000000080000000, 0x000000008cb00000, 0x00000000d5580000)
  object space 207872K, 46% used [0x0000000080000000,0x0000000085ead378,0x000000008cb00000)
 Metaspace       used 84362K, capacity 88134K, committed 91416K, reserved 1128448K
  class space    used 11290K, capacity 12050K, committed 12848K, reserved 1048576K
}

